11:04:32 INFO  : Processing command line option -hwspec D:/FINISH/ch12_ps_tftlcd/ch12_ps_tftlcd.sdk/top.hdf.
11:04:39 INFO  : Launching XSDB server: xsdb.bat -s C:/Xilinx/SDK/2014.4/scripts/xsdb/xsdb/xsdb-server.tcl 2450
11:07:54 INFO  : FPGA configured successfully with bitstream "D:/FINISH/ch12_ps_tftlcd/ch12_ps_tftlcd.sdk/top_hw_platform_0/top.bit"
11:08:29 INFO  : Processor reset is completed for ps7_cortexa9_0
11:08:32 ERROR : Unexpected error while launching program.
java.lang.RuntimeException: Failed to download ELF file


    AP transaction error (DP CTRL_STAT=0xf0000021)
    Error Address = 0x00100000, Size = 0x00000004


	at com.xilinx.sdk.targetmanager.internal.TM.downloadELF(TM.java:666)
	at com.xilinx.sdk.debug.core.internal.AppRunner.run(AppRunner.java:129)
	at com.xilinx.sdk.debug.core.XilinxAppLaunchConfigurationDelegate.runApplication(XilinxAppLaunchConfigurationDelegate.java:605)
	at com.xilinx.sdk.debug.core.XilinxAppLaunchConfigurationDelegate.launch(XilinxAppLaunchConfigurationDelegate.java:293)
	at com.xilinx.sdk.debug.ui.XilinxAppLaunchDelegateWrapper.launch(XilinxAppLaunchDelegateWrapper.java:31)
	at org.eclipse.debug.internal.core.LaunchConfiguration.launch(LaunchConfiguration.java:858)
	at org.eclipse.debug.internal.core.LaunchConfiguration.launch(LaunchConfiguration.java:707)
	at org.eclipse.debug.internal.ui.DebugUIPlugin.buildAndLaunch(DebugUIPlugin.java:1018)
	at org.eclipse.debug.internal.ui.DebugUIPlugin$8.run(DebugUIPlugin.java:1222)
	at org.eclipse.core.internal.jobs.Worker.run(Worker.java:53)
11:08:53 INFO  : FPGA configured successfully with bitstream "D:/FINISH/ch12_ps_tftlcd/ch12_ps_tftlcd.sdk/top_hw_platform_0/top.bit"
11:09:10 ERROR : Unexpected error while parsing XMD response ?: com.google.gson.JsonSyntaxException: com.google.gson.stream.MalformedJsonException: invalid number or unquoted string near 
11:09:22 INFO  : Processing command line option -hwspec D:/FINISH/ch12_ps_tftlcd/ch12_ps_tftlcd.sdk/top.hdf.
11:09:23 INFO  : Checking for hwspec changes in the project top_hw_platform_0.
11:09:24 INFO  : Launching XSDB server: xsdb.bat -s C:/Xilinx/SDK/2014.4/scripts/xsdb/xsdb/xsdb-server.tcl 2450
11:09:43 ERROR : FPGA Configuration failed.Connection to Board Failed


    Failed to open Cable Node jsn-DLC9-Port_#0004.Hub_#0004 on TCP:127.0.0.1:3121


11:09:59 INFO  : FPGA configured successfully with bitstream "D:/FINISH/ch12_ps_tftlcd/ch12_ps_tftlcd.sdk/top_hw_platform_0/top.bit"
11:10:08 INFO  : ps7_init is completed.
11:10:08 INFO  : ps7_post_config is completed.
11:10:08 INFO  : Processor reset is completed for ps7_cortexa9_0
11:10:36 ERROR : Unexpected error while parsing XMD response ?: com.google.gson.JsonSyntaxException: com.google.gson.stream.MalformedJsonException: invalid number or unquoted string near 
11:11:10 INFO  : Processing command line option -hwspec D:/FINISH/ch12_ps_tftlcd/ch12_ps_tftlcd.sdk/top.hdf.
11:11:12 INFO  : Checking for hwspec changes in the project top_hw_platform_0.
11:11:12 INFO  : Launching XSDB server: xsdb.bat -s C:/Xilinx/SDK/2014.4/scripts/xsdb/xsdb/xsdb-server.tcl 2450
11:11:29 INFO  : FPGA configured successfully with bitstream "D:/FINISH/ch12_ps_tftlcd/ch12_ps_tftlcd.sdk/top_hw_platform_0/top.bit"
11:11:38 INFO  : Processor reset is completed for ps7_cortexa9_0
11:11:41 ERROR : Unexpected error while launching program.
java.lang.RuntimeException: Failed to download ELF file


    AP transaction error (DP CTRL_STAT=0xf0000021)
    Error Address = 0x00100000, Size = 0x00000004


	at com.xilinx.sdk.targetmanager.internal.TM.downloadELF(TM.java:666)
	at com.xilinx.sdk.debug.core.internal.AppRunner.run(AppRunner.java:129)
	at com.xilinx.sdk.debug.core.XilinxAppLaunchConfigurationDelegate.runApplication(XilinxAppLaunchConfigurationDelegate.java:605)
	at com.xilinx.sdk.debug.core.XilinxAppLaunchConfigurationDelegate.launch(XilinxAppLaunchConfigurationDelegate.java:293)
	at com.xilinx.sdk.debug.ui.XilinxAppLaunchDelegateWrapper.launch(XilinxAppLaunchDelegateWrapper.java:31)
	at org.eclipse.debug.internal.core.LaunchConfiguration.launch(LaunchConfiguration.java:858)
	at org.eclipse.debug.internal.core.LaunchConfiguration.launch(LaunchConfiguration.java:707)
	at org.eclipse.debug.internal.ui.DebugUIPlugin.buildAndLaunch(DebugUIPlugin.java:1018)
	at org.eclipse.debug.internal.ui.DebugUIPlugin$8.run(DebugUIPlugin.java:1222)
	at org.eclipse.core.internal.jobs.Worker.run(Worker.java:53)
11:11:45 ERROR : Unexpected error while parsing XMD response ?: com.google.gson.JsonSyntaxException: com.google.gson.stream.MalformedJsonException: invalid number or unquoted string near 
11:11:58 INFO  : Processing command line option -hwspec D:/FINISH/ch12_ps_tftlcd/ch12_ps_tftlcd.sdk/top.hdf.
11:11:59 INFO  : Checking for hwspec changes in the project top_hw_platform_0.
11:12:00 INFO  : Launching XSDB server: xsdb.bat -s C:/Xilinx/SDK/2014.4/scripts/xsdb/xsdb/xsdb-server.tcl 2450
11:12:29 ERROR : FPGA Configuration failed.Failed to download the bit file

    Failed to configure device 2 (xc7z020) with bitstream D:/FINISH/ch12_ps_tftlcd/ch12_ps_tftlcd.sdk/top_hw_platform_0/top.bit
    Reason: Programming failed


11:12:38 ERROR : Unexpected error while parsing XMD response ?: com.google.gson.JsonSyntaxException: com.google.gson.stream.MalformedJsonException: invalid number or unquoted string near 
11:13:08 INFO  : Processing command line option -hwspec D:/FINISH/ch12_ps_tftlcd/ch12_ps_tftlcd.sdk/top.hdf.
11:13:10 INFO  : Checking for hwspec changes in the project top_hw_platform_0.
11:13:10 INFO  : Launching XSDB server: xsdb.bat -s C:/Xilinx/SDK/2014.4/scripts/xsdb/xsdb/xsdb-server.tcl 2450
11:13:40 INFO  : FPGA configured successfully with bitstream "D:/FINISH/ch12_ps_tftlcd/ch12_ps_tftlcd.sdk/top_hw_platform_0/top.bit"
11:14:02 INFO  : ps7_init is completed.
11:14:02 INFO  : ps7_post_config is completed.
11:14:02 INFO  : Processor reset is completed for ps7_cortexa9_0
11:14:25 ERROR : Unexpected error while parsing XMD response ?: com.google.gson.JsonSyntaxException: com.google.gson.stream.MalformedJsonException: invalid number or unquoted string near 
09:21:07 INFO  : Processing command line option -hwspec D:/FINISH/ch12_ps_tftlcd/ch12_ps_tftlcd.sdk/top.hdf.
09:21:08 INFO  : Checking for hwspec changes in the project top_hw_platform_0.
09:21:09 INFO  : Launching XSDB server: xsdb.bat -s C:/Xilinx/SDK/2014.4/scripts/xsdb/xsdb/xsdb-server.tcl 2450
09:21:24 INFO  : FPGA configured successfully with bitstream "D:/FINISH/ch12_ps_tftlcd/ch12_ps_tftlcd.sdk/top_hw_platform_0/top.bit"
09:22:17 INFO  : FPGA configured successfully with bitstream "D:/FINISH/ch12_ps_tftlcd/ch12_ps_tftlcd.sdk/top_hw_platform_0/top.bit"
09:22:24 INFO  : ps7_init is completed.
09:22:24 INFO  : ps7_post_config is completed.
09:22:24 INFO  : Processor reset is completed for ps7_cortexa9_0
09:22:43 ERROR : Unexpected error while parsing XMD response ?: com.google.gson.JsonSyntaxException: com.google.gson.stream.MalformedJsonException: invalid number or unquoted string near 
09:11:54 INFO  : Processing command line option -hwspec D:/FINISH/ch12_ps_tftlcd/ch12_ps_tftlcd.sdk/top.hdf.
09:11:55 INFO  : Checking for hwspec changes in the project top_hw_platform_0.
09:11:56 INFO  : Launching XSDB server: xsdb.bat -s C:/Xilinx/SDK/2014.4/scripts/xsdb/xsdb/xsdb-server.tcl 2450
09:13:08 INFO  : FPGA configured successfully with bitstream "D:/FINISH/ch12_ps_tftlcd/ch12_ps_tftlcd.sdk/top_hw_platform_0/top.bit"
09:13:15 INFO  : ps7_init is completed.
09:13:15 INFO  : ps7_post_config is completed.
09:13:16 INFO  : Processor reset is completed for ps7_cortexa9_0
10:09:39 ERROR : Unexpected error while parsing XMD response ?: com.google.gson.JsonSyntaxException: com.google.gson.stream.MalformedJsonException: invalid number or unquoted string near 
19:39:53 INFO  : Processing command line option -hwspec D:/FINISH/ch12_ps_tftlcd/ch12_ps_tftlcd.sdk/top.hdf.
19:39:55 INFO  : Checking for hwspec changes in the project top_hw_platform_0.
19:39:55 INFO  : Launching XSDB server: xsdb.bat -s C:/Xilinx/SDK/2014.4/scripts/xsdb/xsdb/xsdb-server.tcl 2450
19:40:40 INFO  : FPGA configured successfully with bitstream "D:/FINISH/ch12_ps_tftlcd/ch12_ps_tftlcd.sdk/top_hw_platform_0/top.bit"
19:40:47 INFO  : ps7_init is completed.
19:40:48 INFO  : ps7_post_config is completed.
19:40:48 INFO  : Processor reset is completed for ps7_cortexa9_0
19:41:04 ERROR : Unexpected error while parsing XMD response ?: com.google.gson.JsonSyntaxException: com.google.gson.stream.MalformedJsonException: invalid number or unquoted string near 
19:41:22 INFO  : Processing command line option -hwspec D:/FINISH/ch12_ps_tftlcd/ch12_ps_tftlcd.sdk/top.hdf.
19:41:23 INFO  : Checking for hwspec changes in the project top_hw_platform_0.
19:41:23 INFO  : Launching XSDB server: xsdb.bat -s C:/Xilinx/SDK/2014.4/scripts/xsdb/xsdb/xsdb-server.tcl 2450
20:43:45 INFO  : Processing command line option -hwspec D:/FINISH/ch12_ps_tftlcd/ch12_ps_tftlcd.sdk/top.hdf.
20:43:46 WARN  : Unable to obtain port 2450 for use by XSDB Server, java.net.SocketException: Unrecognized Windows Sockets error: 0: JVM_Bind
20:43:47 INFO  : Checking for hwspec changes in the project top_hw_platform_0.
20:43:47 INFO  : Launching XSDB server: xsdb.bat -s C:/Xilinx/SDK/2014.4/scripts/xsdb/xsdb/xsdb-server.tcl 2457
