15:11:15 INFO  : Processing command line option -hwspec D:/work_edu/Education/1_End/ch10_ps_interrupt/ch10_ps_interrupt.sdk/top.hdf.
15:11:22 INFO  : Launching XSDB server: xsdb.bat -s C:/Xilinx/SDK/2014.4/scripts/xsdb/xsdb/xsdb-server.tcl 2450
15:13:51 INFO  : Example project Interrupt_bsp_xscugic_example_1 has been created successfully.
15:23:09 INFO  : Processing command line option -hwspec D:/work_edu/Education/1_End/ch10_ps_interrupt/ch10_ps_interrupt.sdk/top.hdf.
15:23:10 INFO  : Checking for hwspec changes in the project top_hw_platform_0.
15:23:10 INFO  : Launching XSDB server: xsdb.bat -s C:/Xilinx/SDK/2014.4/scripts/xsdb/xsdb/xsdb-server.tcl 2450
15:23:51 INFO  : FPGA configured successfully with bitstream "D:/work_edu/Education/1_End/ch10_ps_interrupt/ch10_ps_interrupt.sdk/top_hw_platform_0/top.bit"
15:24:13 INFO  : ps7_init is completed.
15:24:13 INFO  : ps7_post_config is completed.
15:24:14 INFO  : Processor reset is completed for ps7_cortexa9_0
15:25:16 INFO  : Processor reset is completed for ps7_cortexa9_0
15:25:25 ERROR : Unexpected error while parsing XMD response ?: com.google.gson.JsonSyntaxException: com.google.gson.stream.MalformedJsonException: invalid number or unquoted string near 
10:36:32 INFO  : Processing command line option -hwspec D:/FINISH/ch10_ps_interrupt/ch10_ps_interrupt.sdk/top.hdf.
10:36:33 WARN  : Unable to obtain port 2450 for use by XSDB Server, java.net.SocketException: Unrecognized Windows Sockets error: 0: JVM_Bind
10:36:33 WARN  : Unable to obtain port 2457 for use by XSDB Server, java.net.SocketException: Unrecognized Windows Sockets error: 0: JVM_Bind
10:36:34 INFO  : Launching XSDB server: xsdb.bat -s C:/Xilinx/SDK/2014.4/scripts/xsdb/xsdb/xsdb-server.tcl 2464
08:44:52 INFO  : Processing command line option -hwspec D:/FINISH/ch10_ps_interrupt/ch10_ps_interrupt.sdk/top.hdf.
08:44:54 INFO  : Checking for hwspec changes in the project top_hw_platform_1.
08:44:54 INFO  : Launching XSDB server: xsdb.bat -s C:/Xilinx/SDK/2014.4/scripts/xsdb/xsdb/xsdb-server.tcl 2450
08:45:49 INFO  : FPGA configured successfully with bitstream "D:/FINISH/ch10_ps_interrupt/ch10_ps_interrupt.sdk/top_hw_platform_0/top.bit"
08:46:02 WARN  :  [Hsi 55-1559] Software Design already exists with Name D:\work_edu\Education\1_End\ch10_ps_interrupt\ch10_ps_interrupt.sdk\Interrupt_bsp\system.mss
08:46:02 WARN  :  [Hsi 55-1559] Software Design already exists with Name D:\work_edu\Education\1_End\ch10_ps_interrupt\ch10_ps_interrupt.sdk\Interrupt_bsp\system.mss
08:46:02 WARN  :  [Hsi 55-1559] Software Design already exists with Name D:\work_edu\Education\1_End\ch10_ps_interrupt\ch10_ps_interrupt.sdk\Interrupt_bsp\system.mss
 [Hsi 55-1559] Software Design already exists with Name D:\work_edu\Education\1_End\ch10_ps_interrupt\ch10_ps_interrupt.sdk\Interrupt_bsp\system.mss
08:46:10 INFO  : ps7_init is completed.
08:46:10 INFO  : ps7_post_config is completed.
08:46:11 INFO  : Processor reset is completed for ps7_cortexa9_0
08:46:27 ERROR : Unexpected error while parsing XMD response ?: com.google.gson.JsonSyntaxException: com.google.gson.stream.MalformedJsonException: invalid number or unquoted string near 
09:17:58 INFO  : Processing command line option -hwspec D:/FINISH/ch10_ps_interrupt/ch10_ps_interrupt.sdk/top.hdf.
09:18:00 INFO  : Checking for hwspec changes in the project top_hw_platform_1.
09:18:00 INFO  : Launching XSDB server: xsdb.bat -s C:/Xilinx/SDK/2014.4/scripts/xsdb/xsdb/xsdb-server.tcl 2450
09:18:24 INFO  : FPGA configured successfully with bitstream "D:/FINISH/ch10_ps_interrupt/ch10_ps_interrupt.sdk/top_hw_platform_0/top.bit"
09:18:40 WARN  :  [Hsi 55-1559] Software Design already exists with Name D:\work_edu\Education\1_End\ch10_ps_interrupt\ch10_ps_interrupt.sdk\Interrupt_bsp\system.mss
09:18:40 WARN  :  [Hsi 55-1559] Software Design already exists with Name D:\work_edu\Education\1_End\ch10_ps_interrupt\ch10_ps_interrupt.sdk\Interrupt_bsp\system.mss
09:18:40 WARN  :  [Hsi 55-1559] Software Design already exists with Name D:\work_edu\Education\1_End\ch10_ps_interrupt\ch10_ps_interrupt.sdk\Interrupt_bsp\system.mss
 [Hsi 55-1559] Software Design already exists with Name D:\work_edu\Education\1_End\ch10_ps_interrupt\ch10_ps_interrupt.sdk\Interrupt_bsp\system.mss
09:18:43 WARN  :  [Hsi 55-1559] Software Design already exists with Name D:\work_edu\Education\1_End\ch10_ps_interrupt\ch10_ps_interrupt.sdk\Interrupt_bsp\system.mss
09:18:43 WARN  :  [Hsi 55-1559] Software Design already exists with Name D:\work_edu\Education\1_End\ch10_ps_interrupt\ch10_ps_interrupt.sdk\Interrupt_bsp\system.mss
09:18:43 WARN  :  [Hsi 55-1559] Software Design already exists with Name D:\work_edu\Education\1_End\ch10_ps_interrupt\ch10_ps_interrupt.sdk\Interrupt_bsp\system.mss
09:18:43 WARN  :  [Hsi 55-1559] Software Design already exists with Name D:\work_edu\Education\1_End\ch10_ps_interrupt\ch10_ps_interrupt.sdk\Interrupt_bsp\system.mss
 [Hsi 55-1559] Software Design already exists with Name D:\work_edu\Education\1_End\ch10_ps_interrupt\ch10_ps_interrupt.sdk\Interrupt_bsp\system.mss
09:18:57 WARN  :  [Hsi 55-1559] Software Design already exists with Name D:\work_edu\Education\1_End\ch10_ps_interrupt\ch10_ps_interrupt.sdk\Interrupt_bsp\system.mss
09:18:57 WARN  :  [Hsi 55-1559] Software Design already exists with Name D:\work_edu\Education\1_End\ch10_ps_interrupt\ch10_ps_interrupt.sdk\Interrupt_bsp\system.mss
09:18:57 WARN  :  [Hsi 55-1559] Software Design already exists with Name D:\work_edu\Education\1_End\ch10_ps_interrupt\ch10_ps_interrupt.sdk\Interrupt_bsp\system.mss
09:18:57 WARN  :  [Hsi 55-1559] Software Design already exists with Name D:\work_edu\Education\1_End\ch10_ps_interrupt\ch10_ps_interrupt.sdk\Interrupt_bsp\system.mss
 [Hsi 55-1559] Software Design already exists with Name D:\work_edu\Education\1_End\ch10_ps_interrupt\ch10_ps_interrupt.sdk\Interrupt_bsp\system.mss
09:19:04 INFO  : ps7_init is completed.
09:19:04 INFO  : ps7_post_config is completed.
09:19:04 INFO  : Processor reset is completed for ps7_cortexa9_0
09:19:14 ERROR : Unexpected error while parsing XMD response ?: com.google.gson.JsonSyntaxException: com.google.gson.stream.MalformedJsonException: invalid number or unquoted string near 
18:17:10 INFO  : Processing command line option -hwspec D:/FINISH/ch10_ps_interrupt/ch10_ps_interrupt.sdk/top.hdf.
18:17:13 INFO  : Checking for hwspec changes in the project top_hw_platform_1.
18:17:14 INFO  : Launching XSDB server: xsdb.bat -s C:/Xilinx/SDK/2014.4/scripts/xsdb/xsdb/xsdb-server.tcl 2450
18:17:26 ERROR : FPGA Configuration failed.Connection to Board Failed


    Failed to open Cable Node jsn-DLC9-Port_#0004.Hub_#0004 on TCP:127.0.0.1:3121


18:17:47 INFO  : FPGA configured successfully with bitstream "D:/FINISH/ch10_ps_interrupt/ch10_ps_interrupt.sdk/top_hw_platform_0/top.bit"
18:18:34 WARN  :  [Hsi 55-1559] Software Design already exists with Name D:\work_edu\Education\1_End\ch10_ps_interrupt\ch10_ps_interrupt.sdk\Interrupt_bsp\system.mss
18:18:34 WARN  :  [Hsi 55-1559] Software Design already exists with Name D:\work_edu\Education\1_End\ch10_ps_interrupt\ch10_ps_interrupt.sdk\Interrupt_bsp\system.mss
18:18:34 WARN  :  [Hsi 55-1559] Software Design already exists with Name D:\work_edu\Education\1_End\ch10_ps_interrupt\ch10_ps_interrupt.sdk\Interrupt_bsp\system.mss
 [Hsi 55-1559] Software Design already exists with Name D:\work_edu\Education\1_End\ch10_ps_interrupt\ch10_ps_interrupt.sdk\Interrupt_bsp\system.mss
18:18:43 INFO  : ps7_init is completed.
18:18:43 INFO  : ps7_post_config is completed.
18:18:43 INFO  : Processor reset is completed for ps7_cortexa9_0
18:19:25 WARN  :  [Hsi 55-1559] Software Design already exists with Name D:\work_edu\Education\1_End\ch10_ps_interrupt\ch10_ps_interrupt.sdk\Interrupt_bsp\system.mss
18:19:25 WARN  :  [Hsi 55-1559] Software Design already exists with Name D:\work_edu\Education\1_End\ch10_ps_interrupt\ch10_ps_interrupt.sdk\Interrupt_bsp\system.mss
18:19:25 WARN  :  [Hsi 55-1559] Software Design already exists with Name D:\work_edu\Education\1_End\ch10_ps_interrupt\ch10_ps_interrupt.sdk\Interrupt_bsp\system.mss
18:19:25 WARN  :  [Hsi 55-1559] Software Design already exists with Name D:\work_edu\Education\1_End\ch10_ps_interrupt\ch10_ps_interrupt.sdk\Interrupt_bsp\system.mss
 [Hsi 55-1559] Software Design already exists with Name D:\work_edu\Education\1_End\ch10_ps_interrupt\ch10_ps_interrupt.sdk\Interrupt_bsp\system.mss
18:19:30 INFO  : Processor reset is completed for ps7_cortexa9_0
18:19:57 WARN  :  [Hsi 55-1559] Software Design already exists with Name D:\work_edu\Education\1_End\ch10_ps_interrupt\ch10_ps_interrupt.sdk\Interrupt_bsp\system.mss
18:19:57 WARN  :  [Hsi 55-1559] Software Design already exists with Name D:\work_edu\Education\1_End\ch10_ps_interrupt\ch10_ps_interrupt.sdk\Interrupt_bsp\system.mss
18:19:57 WARN  :  [Hsi 55-1559] Software Design already exists with Name D:\work_edu\Education\1_End\ch10_ps_interrupt\ch10_ps_interrupt.sdk\Interrupt_bsp\system.mss
18:19:57 WARN  :  [Hsi 55-1559] Software Design already exists with Name D:\work_edu\Education\1_End\ch10_ps_interrupt\ch10_ps_interrupt.sdk\Interrupt_bsp\system.mss
 [Hsi 55-1559] Software Design already exists with Name D:\work_edu\Education\1_End\ch10_ps_interrupt\ch10_ps_interrupt.sdk\Interrupt_bsp\system.mss
18:20:01 INFO  : Processor reset is completed for ps7_cortexa9_0
19:38:16 ERROR : Unexpected error while parsing XMD response ?: com.google.gson.JsonSyntaxException: com.google.gson.stream.MalformedJsonException: invalid number or unquoted string near 
19:57:17 INFO  : Processing command line option -hwspec D:/FINISH/ch10_ps_interrupt/ch10_ps_interrupt.sdk/top.hdf.
19:57:19 INFO  : Checking for hwspec changes in the project top_hw_platform_1.
19:57:19 INFO  : Launching XSDB server: xsdb.bat -s C:/Xilinx/SDK/2014.4/scripts/xsdb/xsdb/xsdb-server.tcl 2450
19:58:03 WARN  :  [Hsi 55-1559] Software Design already exists with Name D:\work_edu\Education\1_End\ch10_ps_interrupt\ch10_ps_interrupt.sdk\Interrupt_bsp\system.mss
19:58:03 WARN  :  [Hsi 55-1559] Software Design already exists with Name D:\work_edu\Education\1_End\ch10_ps_interrupt\ch10_ps_interrupt.sdk\Interrupt_bsp\system.mss
19:58:03 WARN  :  [Hsi 55-1559] Software Design already exists with Name D:\work_edu\Education\1_End\ch10_ps_interrupt\ch10_ps_interrupt.sdk\Interrupt_bsp\system.mss
 [Hsi 55-1559] Software Design already exists with Name D:\work_edu\Education\1_End\ch10_ps_interrupt\ch10_ps_interrupt.sdk\Interrupt_bsp\system.mss
19:58:18 INFO  : FPGA configured successfully with bitstream "D:/FINISH/ch10_ps_interrupt/ch10_ps_interrupt.sdk/top_hw_platform_0/top.bit"
19:58:19 INFO  : ps7_init is completed.
19:58:20 INFO  : ps7_post_config is completed.
19:58:20 INFO  : Processor reset is completed for ps7_cortexa9_0
19:58:21 WARN  :  [Hsi 55-1559] Software Design already exists with Name D:\work_edu\Education\1_End\ch10_ps_interrupt\ch10_ps_interrupt.sdk\Interrupt_bsp\system.mss
19:58:21 WARN  :  [Hsi 55-1559] Software Design already exists with Name D:\work_edu\Education\1_End\ch10_ps_interrupt\ch10_ps_interrupt.sdk\Interrupt_bsp\system.mss
19:58:21 WARN  :  [Hsi 55-1559] Software Design already exists with Name D:\work_edu\Education\1_End\ch10_ps_interrupt\ch10_ps_interrupt.sdk\Interrupt_bsp\system.mss
19:58:21 WARN  :  [Hsi 55-1559] Software Design already exists with Name D:\work_edu\Education\1_End\ch10_ps_interrupt\ch10_ps_interrupt.sdk\Interrupt_bsp\system.mss
 [Hsi 55-1559] Software Design already exists with Name D:\work_edu\Education\1_End\ch10_ps_interrupt\ch10_ps_interrupt.sdk\Interrupt_bsp\system.mss
19:58:24 INFO  : ps7_cortexa9_0 Processor is in use. Please stop existing Run or Debug sessions before launching.
19:58:25 INFO  : Processor reset is completed for ps7_cortexa9_0
19:58:50 INFO  : FPGA configured successfully with bitstream "D:/FINISH/ch10_ps_interrupt/ch10_ps_interrupt.sdk/top_hw_platform_0/top.bit"
20:01:04 WARN  :  [Hsi 55-1559] Software Design already exists with Name D:\work_edu\Education\1_End\ch10_ps_interrupt\ch10_ps_interrupt.sdk\Interrupt_bsp\system.mss
20:01:04 WARN  :  [Hsi 55-1559] Software Design already exists with Name D:\work_edu\Education\1_End\ch10_ps_interrupt\ch10_ps_interrupt.sdk\Interrupt_bsp\system.mss
20:01:04 WARN  :  [Hsi 55-1559] Software Design already exists with Name D:\work_edu\Education\1_End\ch10_ps_interrupt\ch10_ps_interrupt.sdk\Interrupt_bsp\system.mss
20:01:04 WARN  :  [Hsi 55-1559] Software Design already exists with Name D:\work_edu\Education\1_End\ch10_ps_interrupt\ch10_ps_interrupt.sdk\Interrupt_bsp\system.mss
 [Hsi 55-1559] Software Design already exists with Name D:\work_edu\Education\1_End\ch10_ps_interrupt\ch10_ps_interrupt.sdk\Interrupt_bsp\system.mss
20:01:09 INFO  : ps7_init is completed.
20:01:09 INFO  : ps7_post_config is completed.
20:01:10 INFO  : Processor reset is completed for ps7_cortexa9_0
20:01:40 WARN  :  [Hsi 55-1559] Software Design already exists with Name D:\work_edu\Education\1_End\ch10_ps_interrupt\ch10_ps_interrupt.sdk\Interrupt_bsp\system.mss
20:01:40 WARN  :  [Hsi 55-1559] Software Design already exists with Name D:\work_edu\Education\1_End\ch10_ps_interrupt\ch10_ps_interrupt.sdk\Interrupt_bsp\system.mss
20:01:40 WARN  :  [Hsi 55-1559] Software Design already exists with Name D:\work_edu\Education\1_End\ch10_ps_interrupt\ch10_ps_interrupt.sdk\Interrupt_bsp\system.mss
20:01:40 WARN  :  [Hsi 55-1559] Software Design already exists with Name D:\work_edu\Education\1_End\ch10_ps_interrupt\ch10_ps_interrupt.sdk\Interrupt_bsp\system.mss
 [Hsi 55-1559] Software Design already exists with Name D:\work_edu\Education\1_End\ch10_ps_interrupt\ch10_ps_interrupt.sdk\Interrupt_bsp\system.mss
20:01:45 INFO  : Processor reset is completed for ps7_cortexa9_0
20:01:53 WARN  :  [Hsi 55-1559] Software Design already exists with Name D:\work_edu\Education\1_End\ch10_ps_interrupt\ch10_ps_interrupt.sdk\Interrupt_bsp\system.mss
20:01:53 WARN  :  [Hsi 55-1559] Software Design already exists with Name D:\work_edu\Education\1_End\ch10_ps_interrupt\ch10_ps_interrupt.sdk\Interrupt_bsp\system.mss
20:01:53 WARN  :  [Hsi 55-1559] Software Design already exists with Name D:\work_edu\Education\1_End\ch10_ps_interrupt\ch10_ps_interrupt.sdk\Interrupt_bsp\system.mss
20:01:53 WARN  :  [Hsi 55-1559] Software Design already exists with Name D:\work_edu\Education\1_End\ch10_ps_interrupt\ch10_ps_interrupt.sdk\Interrupt_bsp\system.mss
 [Hsi 55-1559] Software Design already exists with Name D:\work_edu\Education\1_End\ch10_ps_interrupt\ch10_ps_interrupt.sdk\Interrupt_bsp\system.mss
20:01:58 INFO  : Processor reset is completed for ps7_cortexa9_0
20:02:07 WARN  :  [Hsi 55-1559] Software Design already exists with Name D:\work_edu\Education\1_End\ch10_ps_interrupt\ch10_ps_interrupt.sdk\Interrupt_bsp\system.mss
20:02:07 WARN  :  [Hsi 55-1559] Software Design already exists with Name D:\work_edu\Education\1_End\ch10_ps_interrupt\ch10_ps_interrupt.sdk\Interrupt_bsp\system.mss
20:02:07 WARN  :  [Hsi 55-1559] Software Design already exists with Name D:\work_edu\Education\1_End\ch10_ps_interrupt\ch10_ps_interrupt.sdk\Interrupt_bsp\system.mss
20:02:07 WARN  :  [Hsi 55-1559] Software Design already exists with Name D:\work_edu\Education\1_End\ch10_ps_interrupt\ch10_ps_interrupt.sdk\Interrupt_bsp\system.mss
 [Hsi 55-1559] Software Design already exists with Name D:\work_edu\Education\1_End\ch10_ps_interrupt\ch10_ps_interrupt.sdk\Interrupt_bsp\system.mss
20:02:10 INFO  : Processor reset is completed for ps7_cortexa9_0
20:10:57 WARN  :  [Hsi 55-1559] Software Design already exists with Name D:\work_edu\Education\1_End\ch10_ps_interrupt\ch10_ps_interrupt.sdk\Interrupt_bsp\system.mss
20:10:57 WARN  :  [Hsi 55-1559] Software Design already exists with Name D:\work_edu\Education\1_End\ch10_ps_interrupt\ch10_ps_interrupt.sdk\Interrupt_bsp\system.mss
20:10:57 WARN  :  [Hsi 55-1559] Software Design already exists with Name D:\work_edu\Education\1_End\ch10_ps_interrupt\ch10_ps_interrupt.sdk\Interrupt_bsp\system.mss
20:10:57 WARN  :  [Hsi 55-1559] Software Design already exists with Name D:\work_edu\Education\1_End\ch10_ps_interrupt\ch10_ps_interrupt.sdk\Interrupt_bsp\system.mss
 [Hsi 55-1559] Software Design already exists with Name D:\work_edu\Education\1_End\ch10_ps_interrupt\ch10_ps_interrupt.sdk\Interrupt_bsp\system.mss
20:11:02 INFO  : Processor reset is completed for ps7_cortexa9_0
20:29:51 WARN  :  [Hsi 55-1559] Software Design already exists with Name D:\work_edu\Education\1_End\ch10_ps_interrupt\ch10_ps_interrupt.sdk\Interrupt_bsp\system.mss
20:29:51 WARN  :  [Hsi 55-1559] Software Design already exists with Name D:\work_edu\Education\1_End\ch10_ps_interrupt\ch10_ps_interrupt.sdk\Interrupt_bsp\system.mss
20:29:51 WARN  :  [Hsi 55-1559] Software Design already exists with Name D:\work_edu\Education\1_End\ch10_ps_interrupt\ch10_ps_interrupt.sdk\Interrupt_bsp\system.mss
20:29:51 WARN  :  [Hsi 55-1559] Software Design already exists with Name D:\work_edu\Education\1_End\ch10_ps_interrupt\ch10_ps_interrupt.sdk\Interrupt_bsp\system.mss
 [Hsi 55-1559] Software Design already exists with Name D:\work_edu\Education\1_End\ch10_ps_interrupt\ch10_ps_interrupt.sdk\Interrupt_bsp\system.mss
20:29:56 INFO  : Processor reset is completed for ps7_cortexa9_0
21:10:52 WARN  :  [Hsi 55-1559] Software Design already exists with Name D:\work_edu\Education\1_End\ch10_ps_interrupt\ch10_ps_interrupt.sdk\Interrupt_bsp\system.mss
21:10:52 WARN  :  [Hsi 55-1559] Software Design already exists with Name D:\work_edu\Education\1_End\ch10_ps_interrupt\ch10_ps_interrupt.sdk\Interrupt_bsp\system.mss
21:10:52 WARN  :  [Hsi 55-1559] Software Design already exists with Name D:\work_edu\Education\1_End\ch10_ps_interrupt\ch10_ps_interrupt.sdk\Interrupt_bsp\system.mss
21:10:52 WARN  :  [Hsi 55-1559] Software Design already exists with Name D:\work_edu\Education\1_End\ch10_ps_interrupt\ch10_ps_interrupt.sdk\Interrupt_bsp\system.mss
 [Hsi 55-1559] Software Design already exists with Name D:\work_edu\Education\1_End\ch10_ps_interrupt\ch10_ps_interrupt.sdk\Interrupt_bsp\system.mss
21:10:56 INFO  : Processor reset is completed for ps7_cortexa9_0
21:11:10 WARN  :  [Hsi 55-1559] Software Design already exists with Name D:\work_edu\Education\1_End\ch10_ps_interrupt\ch10_ps_interrupt.sdk\Interrupt_bsp\system.mss
21:11:10 WARN  :  [Hsi 55-1559] Software Design already exists with Name D:\work_edu\Education\1_End\ch10_ps_interrupt\ch10_ps_interrupt.sdk\Interrupt_bsp\system.mss
21:11:10 WARN  :  [Hsi 55-1559] Software Design already exists with Name D:\work_edu\Education\1_End\ch10_ps_interrupt\ch10_ps_interrupt.sdk\Interrupt_bsp\system.mss
21:11:10 WARN  :  [Hsi 55-1559] Software Design already exists with Name D:\work_edu\Education\1_End\ch10_ps_interrupt\ch10_ps_interrupt.sdk\Interrupt_bsp\system.mss
 [Hsi 55-1559] Software Design already exists with Name D:\work_edu\Education\1_End\ch10_ps_interrupt\ch10_ps_interrupt.sdk\Interrupt_bsp\system.mss
21:11:13 WARN  :  [Hsi 55-1559] Software Design already exists with Name D:\work_edu\Education\1_End\ch10_ps_interrupt\ch10_ps_interrupt.sdk\Interrupt_bsp\system.mss
21:11:13 WARN  :  [Hsi 55-1559] Software Design already exists with Name D:\work_edu\Education\1_End\ch10_ps_interrupt\ch10_ps_interrupt.sdk\Interrupt_bsp\system.mss
21:11:13 WARN  :  [Hsi 55-1559] Software Design already exists with Name D:\work_edu\Education\1_End\ch10_ps_interrupt\ch10_ps_interrupt.sdk\Interrupt_bsp\system.mss
21:11:13 WARN  :  [Hsi 55-1559] Software Design already exists with Name D:\work_edu\Education\1_End\ch10_ps_interrupt\ch10_ps_interrupt.sdk\Interrupt_bsp\system.mss
 [Hsi 55-1559] Software Design already exists with Name D:\work_edu\Education\1_End\ch10_ps_interrupt\ch10_ps_interrupt.sdk\Interrupt_bsp\system.mss
21:11:23 WARN  :  [Hsi 55-1559] Software Design already exists with Name D:\work_edu\Education\1_End\ch10_ps_interrupt\ch10_ps_interrupt.sdk\Interrupt_bsp\system.mss
21:11:23 WARN  :  [Hsi 55-1559] Software Design already exists with Name D:\work_edu\Education\1_End\ch10_ps_interrupt\ch10_ps_interrupt.sdk\Interrupt_bsp\system.mss
21:11:23 WARN  :  [Hsi 55-1559] Software Design already exists with Name D:\work_edu\Education\1_End\ch10_ps_interrupt\ch10_ps_interrupt.sdk\Interrupt_bsp\system.mss
21:11:23 WARN  :  [Hsi 55-1559] Software Design already exists with Name D:\work_edu\Education\1_End\ch10_ps_interrupt\ch10_ps_interrupt.sdk\Interrupt_bsp\system.mss
 [Hsi 55-1559] Software Design already exists with Name D:\work_edu\Education\1_End\ch10_ps_interrupt\ch10_ps_interrupt.sdk\Interrupt_bsp\system.mss
21:11:28 INFO  : Processor reset is completed for ps7_cortexa9_0
21:36:00 ERROR : Unexpected error while parsing XMD response ?: com.google.gson.JsonSyntaxException: com.google.gson.stream.MalformedJsonException: invalid number or unquoted string near 
