Copyright 1986-2014 Xilinx, Inc. All Rights Reserved.
------------------------------------------------------------------------------------------
| Tool Version : Vivado v.2014.4_63036 (win64) Build 1071353 Tue Nov 18 18:29:27 MST 2014
| Date         : Thu Feb 26 10:59:46 2015
| Host         : huins-PC running 64-bit major release  (build 7600)
| Command      : report_control_sets -verbose -file top_control_sets_placed.rpt
| Design       : top
| Device       : xc7z020
------------------------------------------------------------------------------------------

Control Set Information

Table of Contents
-----------------
1. Summary
2. Flip-Flop Distribution
3. Detailed Control Set Information

1. Summary
----------

+-------------------------------------------------------------------+-------+
|                               Status                              | Count |
+-------------------------------------------------------------------+-------+
| Number of unique control sets                                     |     2 |
| Minimum Number of register sites lost to control set restrictions |     5 |
+-------------------------------------------------------------------+-------+


2. Flip-Flop Distribution
-------------------------

+--------------+-----------------------+------------------------+-----------------+--------------+
| Clock Enable | Synchronous Set/Reset | Asynchronous Set/Reset | Total Registers | Total Slices |
+--------------+-----------------------+------------------------+-----------------+--------------+
| No           | No                    | No                     |               0 |            0 |
| No           | No                    | Yes                    |               3 |            2 |
| No           | Yes                   | No                     |               0 |            0 |
| Yes          | No                    | No                     |               0 |            0 |
| Yes          | No                    | Yes                    |               8 |            2 |
| Yes          | Yes                   | No                     |               0 |            0 |
+--------------+-----------------------+------------------------+-----------------+--------------+


3. Detailed Control Set Information
-----------------------------------

+----------------+----------------+--------------------------+------------------+----------------+
|  Clock Signal  |  Enable Signal |     Set/Reset Signal     | Slice Load Count | Bel Load Count |
+----------------+----------------+--------------------------+------------------+----------------+
|  CLK_IBUF_BUFG |                | n_0_RegPushButton[2]_i_1 |                2 |              3 |
|  CLK_IBUF_BUFG | n_0_LED[7]_i_1 | n_0_RegPushButton[2]_i_1 |                2 |              8 |
+----------------+----------------+--------------------------+------------------+----------------+


