#-----------------------------------------------------------
# Vivado v2014.4_63036 (64-bit)
# SW Build 1071353 on Tue Nov 18 18:29:27 MST 2014
# IP Build 1070531 on Tue Nov 18 01:10:18 MST 2014
# Start of session at: Fri Feb 06 16:14:57 2015
# Process ID: 5360
# Log file: D:/work_edu/Education/0_Start/ch13_pl_cis/ch13_pl_cis/vivado.log
# Journal file: D:/work_edu/Education/0_Start/ch13_pl_cis/ch13_pl_cis\vivado.jou
#-----------------------------------------------------------
start_gui
open_project D:/work_edu/Education/0_Start/ch13_pl_cis/ch13_pl_cis/ch13_pl_cis.xpr
Scanning sources...
Finished scanning sources
INFO: [IP_Flow 19-234] Refreshing IP repositories
INFO: [IP_Flow 19-1704] No user IP repositories specified
INFO: [IP_Flow 19-2313] Loaded Vivado IP repository 'C:/Xilinx/Vivado/2014.4/data/ip'.
open_project: Time (s): cpu = 00:00:12 ; elapsed = 00:00:05 . Memory (MB): peak = 720.887 ; gain = 158.805
reset_run impl_1 -prev_step 
launch_runs impl_1 -to_step write_bitstream
[Fri Feb 06 16:15:16 2015] Launched impl_1...
Run output will be captured here: D:/work_edu/Education/0_Start/ch13_pl_cis/ch13_pl_cis/ch13_pl_cis.runs/impl_1/runme.log
open_hw
connect_hw_server -url localhost:3121
INFO: [Labtools 27-2285] Connecting to hw_server url TCP:localhost:3121
INFO: [Labtools 27-2222] Launching hw_server...
INFO: [Labtools 27-2221] Launch Output:

****** Xilinx hw_server v2014.4
  **** Build date : Nov 18 2014-18:09:44
    ** Copyright 1986-1999, 2001-2014 Xilinx, Inc. All Rights Reserved.

INFO: hw_server application started
INFO: Use Ctrl-C to exit hw_server application


****** Xilinx hw_server v2014.4
  **** Build date : Nov 18 2014-18:09:44
    ** Copyright 1986-1999, 2001-2014 Xilinx, Inc. All Rights Reserved.

INFO: hw_server application started
INFO: Use Ctrl-C to exit hw_server application


current_hw_target [get_hw_targets */xilinx_tcf/Xilinx/Port_#0004.Hub_#0004]
set_property PARAM.FREQUENCY 6000000 [get_hw_targets */xilinx_tcf/Xilinx/Port_#0004.Hub_#0004]
ERROR: [Labtoolstcl 44-26] No hardware targets exist on the server [TCP:localhost:3121]
Check to make sure the cable targets connected to this machine are properly connected
and powered up, then use the disconnect_hw_server and connect_hw_server commands
to re-register the hardware targets.
disconnect_hw_server localhost
connect_hw_server -url localhost:3121
INFO: [Labtools 27-2285] Connecting to hw_server url TCP:localhost:3121
current_hw_target [get_hw_targets */xilinx_tcf/Xilinx/Port_#0004.Hub_#0004]
set_property PARAM.FREQUENCY 6000000 [get_hw_targets */xilinx_tcf/Xilinx/Port_#0004.Hub_#0004]
open_hw_target
INFO: [Labtoolstcl 44-466] Opening hw_target localhost:3121/xilinx_tcf/Xilinx/Port_#0004.Hub_#0004
set_property PROGRAM.FILE {D:/work_edu/Education/0_Start/ch13_pl_cis/ch13_pl_cis/ch13_pl_cis.runs/impl_1/top.bit} [lindex [get_hw_devices] 1]
set_property PROBES.FILE {D:/work_edu/Education/0_Start/ch13_pl_cis/ch13_pl_cis/ch13_pl_cis.runs/impl_1/debug_nets.ltx} [lindex [get_hw_devices] 1]
current_hw_device [lindex [get_hw_devices] 1]
refresh_hw_device -update_hw_probes false [lindex [get_hw_devices] 1]
INFO: [Labtools 27-1435] Device xc7z020 (JTAG device index = 1) is not programmed (DONE status = 0).
set_property PROBES.FILE {D:/work_edu/Education/0_Start/ch13_pl_cis/ch13_pl_cis/ch13_pl_cis.runs/impl_1/debug_nets.ltx} [lindex [get_hw_devices] 1]
set_property PROGRAM.FILE {D:/work_edu/Education/0_Start/ch13_pl_cis/ch13_pl_cis/ch13_pl_cis.runs/impl_1/top.bit} [lindex [get_hw_devices] 1]
program_hw_devices [lindex [get_hw_devices] 1]
INFO: [Labtools 27-32] Done pin status: HIGH
program_hw_devices: Time (s): cpu = 00:00:10 ; elapsed = 00:00:09 . Memory (MB): peak = 753.832 ; gain = 0.000
refresh_hw_device [lindex [get_hw_devices] 1]
INFO: [Labtools 27-1434] Device xc7z020 (JTAG device index = 1) is programmed with a design that has no supported debug core(s) in it.
WARNING: [Labtools 27-3123] The debug hub core was not detected at User Scan Chain 1 or 3.
Resolution: 
1. Make sure the clock connected to the debug hub (dbg_hub) core is a free running clock and is active OR
2. Manually launch hw_server with -e "set xsdb-user-bscan <C_USER_SCAN_CHAIN scan_chain_number>" to detect the debug hub at User Scan Chain of 2 or 4. To determine the user scan chain setting, open the implemented design and use: get_property C_USER_SCAN_CHAIN [get_debug_cores dbg_hub].
exit
INFO: [Common 17-206] Exiting Vivado at Fri Feb 06 16:17:48 2015...
