#-----------------------------------------------------------
# Vivado v2014.4_63036 (64-bit)
# SW Build 1071353 on Tue Nov 18 18:29:27 MST 2014
# IP Build 1070531 on Tue Nov 18 01:10:18 MST 2014
# Start of session at: Fri Feb 06 15:55:59 2015
# Process ID: 8096
# Log file: D:/work_edu/Education/0_Start/ch13_pl_cis/ch13_pl_cis/vivado.log
# Journal file: D:/work_edu/Education/0_Start/ch13_pl_cis/ch13_pl_cis\vivado.jou
#-----------------------------------------------------------
start_gui
open_project D:/work_edu/Education/0_Start/ch13_pl_cis/ch13_pl_cis/ch13_pl_cis.xpr
INFO: [Project 1-313] Project file moved from 'D:/work_edu/ch13_pl_cis' since last save.
Scanning sources...
Finished scanning sources
INFO: [IP_Flow 19-234] Refreshing IP repositories
INFO: [IP_Flow 19-1704] No user IP repositories specified
INFO: [IP_Flow 19-2313] Loaded Vivado IP repository 'C:/Xilinx/Vivado/2014.4/data/ip'.
add_files -norecurse {D:/work_edu/Education/0_Start/ch13_pl_cis/ch13_pl_cis/ch13_pl_cis.srcs/sources_1/new/RAM_to_TFTLCD.vhd D:/work_edu/Education/0_Start/ch13_pl_cis/ch13_pl_cis/ch13_pl_cis.srcs/sources_1/new/clk_generator.vhd D:/work_edu/Education/0_Start/ch13_pl_cis/ch13_pl_cis/ch13_pl_cis.srcs/sources_1/new/camera_to_RAM.vhd D:/work_edu/Education/0_Start/ch13_pl_cis/ch13_pl_cis/ch13_pl_cis.srcs/sources_1/new/top.vhd}
WARNING: [filemgmt 56-12] File 'D:/work_edu/Education/0_Start/ch13_pl_cis/ch13_pl_cis/ch13_pl_cis.srcs/sources_1/new/top.vhd' cannot be added to the project because it already exists in the project, skipping this file
close [ open D:/work_edu/Education/0_Start/ch13_pl_cis/ch13_pl_cis/ch13_pl_cis.srcs/sources_1/new/camera_i2c.v w ]
add_files D:/work_edu/Education/0_Start/ch13_pl_cis/ch13_pl_cis/ch13_pl_cis.srcs/sources_1/new/camera_i2c.v
close [ open D:/work_edu/Education/0_Start/ch13_pl_cis/ch13_pl_cis/ch13_pl_cis.srcs/sources_1/new/camera_i2c_rom.v w ]
add_files D:/work_edu/Education/0_Start/ch13_pl_cis/ch13_pl_cis/ch13_pl_cis.srcs/sources_1/new/camera_i2c_rom.v
close [ open D:/work_edu/Education/0_Start/ch13_pl_cis/ch13_pl_cis/ch13_pl_cis.srcs/sources_1/new/camera_i2c_command.v w ]
add_files D:/work_edu/Education/0_Start/ch13_pl_cis/ch13_pl_cis/ch13_pl_cis.srcs/sources_1/new/camera_i2c_command.v
update_compile_order -fileset sources_1
update_compile_order -fileset sources_1
remove_files {D:/work_edu/Education/0_Start/ch13_pl_cis/ch13_pl_cis/ch13_pl_cis.srcs/sources_1/new/camera_i2c.v D:/work_edu/Education/0_Start/ch13_pl_cis/ch13_pl_cis/ch13_pl_cis.srcs/sources_1/new/camera_i2c_command.v D:/work_edu/Education/0_Start/ch13_pl_cis/ch13_pl_cis/ch13_pl_cis.srcs/sources_1/new/camera_i2c_rom.v}
file delete -force D:/work_edu/Education/0_Start/ch13_pl_cis/ch13_pl_cis/ch13_pl_cis.srcs/sources_1/new/camera_i2c.v D:/work_edu/Education/0_Start/ch13_pl_cis/ch13_pl_cis/ch13_pl_cis.srcs/sources_1/new/camera_i2c_command.v D:/work_edu/Education/0_Start/ch13_pl_cis/ch13_pl_cis/ch13_pl_cis.srcs/sources_1/new/camera_i2c_rom.v
close [ open D:/work_edu/Education/0_Start/ch13_pl_cis/ch13_pl_cis/ch13_pl_cis.srcs/sources_1/new/camera_i2c_rom.vhd w ]
add_files D:/work_edu/Education/0_Start/ch13_pl_cis/ch13_pl_cis/ch13_pl_cis.srcs/sources_1/new/camera_i2c_rom.vhd
close [ open D:/work_edu/Education/0_Start/ch13_pl_cis/ch13_pl_cis/ch13_pl_cis.srcs/sources_1/new/camera_i2c.vhd w ]
add_files D:/work_edu/Education/0_Start/ch13_pl_cis/ch13_pl_cis/ch13_pl_cis.srcs/sources_1/new/camera_i2c.vhd
close [ open D:/work_edu/Education/0_Start/ch13_pl_cis/ch13_pl_cis/ch13_pl_cis.srcs/sources_1/new/camera_i2c_command.vhd w ]
add_files D:/work_edu/Education/0_Start/ch13_pl_cis/ch13_pl_cis/ch13_pl_cis.srcs/sources_1/new/camera_i2c_command.vhd
update_compile_order -fileset sources_1
update_compile_order -fileset sources_1
update_compile_order -fileset sources_1
close [ open D:/work_edu/Education/0_Start/ch13_pl_cis/ch13_pl_cis/ch13_pl_cis.srcs/constrs_1/new/top.xdc w ]
add_files -fileset constrs_1 D:/work_edu/Education/0_Start/ch13_pl_cis/ch13_pl_cis/ch13_pl_cis.srcs/constrs_1/new/top.xdc
reset_run synth_1
launch_runs impl_1 -to_step write_bitstream
[Fri Feb 06 16:08:47 2015] Launched synth_1...
Run output will be captured here: D:/work_edu/Education/0_Start/ch13_pl_cis/ch13_pl_cis/ch13_pl_cis.runs/synth_1/runme.log
[Fri Feb 06 16:08:47 2015] Launched impl_1...
Run output will be captured here: D:/work_edu/Education/0_Start/ch13_pl_cis/ch13_pl_cis/ch13_pl_cis.runs/impl_1/runme.log
open_hw
connect_hw_server -url localhost:3121
INFO: [Labtools 27-2285] Connecting to hw_server url TCP:localhost:3121
INFO: [Labtools 27-2222] Launching hw_server...
INFO: [Labtools 27-2221] Launch Output:

****** Xilinx hw_server v2014.4
  **** Build date : Nov 18 2014-18:09:44
    ** Copyright 1986-1999, 2001-2014 Xilinx, Inc. All Rights Reserved.

INFO: hw_server application started
INFO: Use Ctrl-C to exit hw_server application


****** Xilinx hw_server v2014.4
  **** Build date : Nov 18 2014-18:09:44
    ** Copyright 1986-1999, 2001-2014 Xilinx, Inc. All Rights Reserved.

INFO: hw_server application started
INFO: Use Ctrl-C to exit hw_server application


current_hw_target [get_hw_targets */xilinx_tcf/Xilinx/Port_#0004.Hub_#0004]
set_property PARAM.FREQUENCY 6000000 [get_hw_targets */xilinx_tcf/Xilinx/Port_#0004.Hub_#0004]
open_hw_target
INFO: [Labtoolstcl 44-466] Opening hw_target localhost:3121/xilinx_tcf/Xilinx/Port_#0004.Hub_#0004
set_property PROGRAM.FILE {D:/work_edu/Education/0_Start/ch13_pl_cis/ch13_pl_cis/ch13_pl_cis.runs/impl_1/top.bit} [lindex [get_hw_devices] 1]
set_property PROBES.FILE {D:/work_edu/Education/0_Start/ch13_pl_cis/ch13_pl_cis/ch13_pl_cis.runs/impl_1/debug_nets.ltx} [lindex [get_hw_devices] 1]
current_hw_device [lindex [get_hw_devices] 1]
refresh_hw_device -update_hw_probes false [lindex [get_hw_devices] 1]
INFO: [Labtools 27-1434] Device xc7z020 (JTAG device index = 1) is programmed with a design that has no supported debug core(s) in it.
WARNING: [Labtools 27-3123] The debug hub core was not detected at User Scan Chain 1 or 3.
Resolution: 
1. Make sure the clock connected to the debug hub (dbg_hub) core is a free running clock and is active OR
2. Manually launch hw_server with -e "set xsdb-user-bscan <C_USER_SCAN_CHAIN scan_chain_number>" to detect the debug hub at User Scan Chain of 2 or 4. To determine the user scan chain setting, open the implemented design and use: get_property C_USER_SCAN_CHAIN [get_debug_cores dbg_hub].
set_property PROBES.FILE {D:/work_edu/Education/0_Start/ch13_pl_cis/ch13_pl_cis/ch13_pl_cis.runs/impl_1/debug_nets.ltx} [lindex [get_hw_devices] 1]
set_property PROGRAM.FILE {D:/work_edu/Education/0_Start/ch13_pl_cis/ch13_pl_cis/ch13_pl_cis.runs/impl_1/top.bit} [lindex [get_hw_devices] 1]
program_hw_devices [lindex [get_hw_devices] 1]
INFO: [Labtools 27-32] Done pin status: HIGH
program_hw_devices: Time (s): cpu = 00:00:09 ; elapsed = 00:00:09 . Memory (MB): peak = 748.656 ; gain = 0.000
refresh_hw_device [lindex [get_hw_devices] 1]
INFO: [Labtools 27-1434] Device xc7z020 (JTAG device index = 1) is programmed with a design that has no supported debug core(s) in it.
WARNING: [Labtools 27-3123] The debug hub core was not detected at User Scan Chain 1 or 3.
Resolution: 
1. Make sure the clock connected to the debug hub (dbg_hub) core is a free running clock and is active OR
2. Manually launch hw_server with -e "set xsdb-user-bscan <C_USER_SCAN_CHAIN scan_chain_number>" to detect the debug hub at User Scan Chain of 2 or 4. To determine the user scan chain setting, open the implemented design and use: get_property C_USER_SCAN_CHAIN [get_debug_cores dbg_hub].
set_property PROBES.FILE {D:/work_edu/Education/0_Start/ch13_pl_cis/ch13_pl_cis/ch13_pl_cis.runs/impl_1/debug_nets.ltx} [lindex [get_hw_devices] 1]
set_property PROGRAM.FILE {D:/work_edu/Education/0_Start/ch13_pl_cis/ch13_pl_cis/ch13_pl_cis.runs/impl_1/top.bit} [lindex [get_hw_devices] 1]
program_hw_devices [lindex [get_hw_devices] 1]
WARNING: [Labtools 27-33] Done pin status: LOW
refresh_hw_device [lindex [get_hw_devices] 1]
ERROR: [Labtools 27-2312] Device xc7z020_1 is no longer available.
Check cable connectivity and that the target board is powered up then
use the disconnect_hw_server and connect_hw_server to re-initialize the hardware target.
Use open_hw_target to re-register the hardware device.
disconnect_hw_server localhost
connect_hw_server -url localhost:3121
INFO: [Labtools 27-2285] Connecting to hw_server url TCP:localhost:3121
INFO: [Common 17-41] Interrupt caught. Command should exit soon.
INFO: [Labtools 27-2058] connect_hw_server command cancelled.
connect_hw_server: Time (s): cpu = 00:00:02 ; elapsed = 00:00:43 . Memory (MB): peak = 751.063 ; gain = 2.406
INFO: [Common 17-344] 'connect_hw_server' was cancelled
