Copyright 1986-2014 Xilinx, Inc. All Rights Reserved.
------------------------------------------------------------------------------------
| Tool Version : Vivado v.2014.4 (win64) Build 1071353 Tue Nov 18 18:29:27 MST 2014
| Date         : Thu Jan 29 08:48:42 2015
| Host         : huins-PC running 64-bit major release  (build 7600)
| Command      : report_clock_utilization -file top_clock_utilization_placed.rpt
| Design       : top
| Device       : xc7z020
------------------------------------------------------------------------------------

Clock Utilization Report

Table of Contents
-----------------
1. Clock Primitive Utilization
2. Details of Global Clocks
3. Details of Regional Clocks
4. Details of Multi-Regional Clocks
5. Details of I/O Clocks
6. Details of Local Clocks
7. Clock Regions : Key Resource Utilization
8. Net wise resources used in clock region X0Y0
9. Net wise resources used in clock region X1Y0
10. Net wise resources used in clock region X0Y1
11. Net wise resources used in clock region X1Y1
12. Net wise resources used in clock region X0Y2

1. Clock Primitive Utilization
------------------------------

+-------+------+-----------+-----------+
| Type  | Used | Available | Num Fixed |
+-------+------+-----------+-----------+
| BUFG  |    2 |        32 |         0 |
| BUFH  |    0 |        72 |         0 |
| BUFIO |    0 |        16 |         0 |
| MMCM  |    0 |         4 |         0 |
| PLL   |    0 |         4 |         0 |
| BUFR  |    0 |        16 |         0 |
| BUFMR |    0 |         8 |         0 |
+-------+------+-----------+-----------+


2. Details of Global Clocks
---------------------------

+-------+----------------------------+-----------------------+--------------+-------+---------------+-----------+
|       |                            |                       |   Num Loads  |       |               |           |
+-------+----------------------------+-----------------------+------+-------+-------+---------------+-----------+
| Index | BUFG Cell                  | Net Name              | BELs | Sites | Fixed | MaxDelay (ns) | Skew (ns) |
+-------+----------------------------+-----------------------+------+-------+-------+---------------+-----------+
|     1 | TFTLCD_TCLK_OBUF_BUFG_inst | TFTLCD_TCLK_OBUF_BUFG |   44 |    18 |    no |         3.022 |     1.252 |
|     2 | TFTLCD_CLK_IBUF_BUFG_inst  | TFTLCD_CLK_IBUF_BUFG  |   71 |   127 |    no |         1.926 |     0.341 |
+-------+----------------------------+-----------------------+------+-------+-------+---------------+-----------+


3. Details of Regional Clocks
-----------------------------

4. Details of Multi-Regional Clocks
-----------------------------------

5. Details of I/O Clocks
------------------------

6. Details of Local Clocks
--------------------------

+-------+----------------------------------------+------------------------------+--------------+-------+---------------+-----------+
|       |                                        |                              |   Num Loads  |       |               |           |
+-------+----------------------------------------+------------------------------+------+-------+-------+---------------+-----------+
| Index | Local Clk Src                          | Net Name                     | BELs | Sites | Fixed | MaxDelay (ns) | Skew (ns) |
+-------+----------------------------------------+------------------------------+------+-------+-------+---------------+-----------+
|     1 | TFTLCDCtrl_i/b_horizontal/R_reg[7]_i_2 | TFTLCDCtrl_i/b_horizontal/O5 |    3 |     1 |    no |         0.637 |     0.049 |
|     2 | TFTLCDCtrl_i/b_horizontal/UP_CLKa_reg  | TFTLCDCtrl_i/b_horizontal/O1 |   11 |     8 |    no |         1.065 |     0.283 |
+-------+----------------------------------------+------------------------------+------+-------+-------+---------------+-----------+


7. Clock Regions : Key Resource Utilization
-------------------------------------------

+-------------------+--------------+--------------+--------------+--------------+--------------+--------------+--------------+--------------+--------------+--------------+--------------+--------------+--------------+--------------+--------------+
|                   | Global Clock |     BUFRs    |    BUFMRs    |    BUFIOs    |     MMCM     |      PLL     |      GT      |      PCI     |    ILOGIC    |    OLOGIC    |      FF      |     LUTM     |    RAMB18    |    RAMB36    |    DSP48E1   |
+-------------------+------+-------+------+-------+------+-------+------+-------+------+-------+------+-------+------+-------+------+-------+------+-------+------+-------+------+-------+------+-------+------+-------+------+-------+------+-------+
| Clock Region Name | Used | Avail | Used | Avail | Used | Avail | Used | Avail | Used | Avail | Used | Avail | Used | Avail | Used | Avail | Used | Avail | Used | Avail | Used | Avail | Used | Avail | Used | Avail | Used | Avail | Used | Avail |
+-------------------+------+-------+------+-------+------+-------+------+-------+------+-------+------+-------+------+-------+------+-------+------+-------+------+-------+------+-------+------+-------+------+-------+------+-------+------+-------+
| X0Y0              |    1 |    12 |    0 |     4 |    0 |     2 |    0 |     4 |    0 |     1 |    0 |     1 |    0 |     0 |    0 |     0 |    0 |    50 |    0 |    50 |    0 | 20000 |    0 |  4000 |    0 |    60 |    5 |    30 |    0 |    60 |
| X1Y0              |    1 |    12 |    0 |     4 |    0 |     2 |    0 |     4 |    0 |     1 |    0 |     1 |    0 |     0 |    0 |     0 |    0 |    50 |    0 |    50 |    1 | 25600 |    0 |  3400 |    0 |    60 |   17 |    30 |    0 |    40 |
| X0Y1              |    1 |    12 |    0 |     0 |    0 |     0 |    0 |     0 |    0 |     0 |    0 |     0 |    0 |     0 |    0 |     0 |    0 |     0 |    0 |     0 |    0 |  9600 |    0 |  1600 |    0 |    20 |    9 |    10 |    0 |    20 |
| X1Y1              |    2 |    12 |    0 |     4 |    0 |     2 |    0 |     4 |    0 |     1 |    0 |     1 |    0 |     0 |    0 |     0 |    0 |    50 |    0 |    50 |   67 | 20800 |    0 |  3400 |    0 |    60 |   28 |    30 |    0 |    40 |
| X0Y2              |    1 |    12 |    0 |     0 |    0 |     0 |    0 |     0 |    0 |     0 |    0 |     0 |    0 |     0 |    0 |     0 |    0 |     0 |    0 |     0 |    0 |  9600 |    0 |  1600 |    0 |    20 |    1 |    10 |    0 |    20 |
| X1Y2              |    0 |    12 |    0 |     4 |    0 |     2 |    0 |     4 |    0 |     1 |    0 |     1 |    0 |     0 |    0 |     0 |    0 |    50 |    0 |    50 |    0 | 20800 |    0 |  3400 |    0 |    60 |    0 |    30 |    0 |    40 |
+-------------------+------+-------+------+-------+------+-------+------+-------+------+-------+------+-------+------+-------+------+-------+------+-------+------+-------+------+-------+------+-------+------+-------+------+-------+------+-------+
* RAMB36 site can be used as two RAMB18/FIFO18 sites


8. Net wise resources used in clock region X0Y0
-----------------------------------------------

+-------------+-------------+-------+-----------+----------+---------+-----------+---------+---------+-----+-------+----------+----------------------+
| Source Type | BUFHCE Site | Fixed | MMCM Pins | PLL Pins | GT Pins | BRAM Pins | ILOGICs | OLOGICs | FFs | LUTMs | DSP48E1s |    Clock Net Name    |
+-------------+-------------+-------+-----------+----------+---------+-----------+---------+---------+-----+-------+----------+----------------------+
| BUFG        |     ---     |   no  |         0 |        0 |       0 |        10 |       0 |       0 |   0 |     0 |        0 | TFTLCD_CLK_IBUF_BUFG |
+-------------+-------------+-------+-----------+----------+---------+-----------+---------+---------+-----+-------+----------+----------------------+


9. Net wise resources used in clock region X1Y0
-----------------------------------------------

+-------------+-------------+-------+-----------+----------+---------+-----------+---------+---------+-----+-------+----------+----------------------+
| Source Type | BUFHCE Site | Fixed | MMCM Pins | PLL Pins | GT Pins | BRAM Pins | ILOGICs | OLOGICs | FFs | LUTMs | DSP48E1s |    Clock Net Name    |
+-------------+-------------+-------+-----------+----------+---------+-----------+---------+---------+-----+-------+----------+----------------------+
| BUFG        |     ---     |   no  |         0 |        0 |       0 |        34 |       0 |       0 |   1 |     0 |        0 | TFTLCD_CLK_IBUF_BUFG |
+-------------+-------------+-------+-----------+----------+---------+-----------+---------+---------+-----+-------+----------+----------------------+


10. Net wise resources used in clock region X0Y1
------------------------------------------------

+-------------+-------------+-------+-----------+----------+---------+-----------+---------+---------+-----+-------+----------+----------------------+
| Source Type | BUFHCE Site | Fixed | MMCM Pins | PLL Pins | GT Pins | BRAM Pins | ILOGICs | OLOGICs | FFs | LUTMs | DSP48E1s |    Clock Net Name    |
+-------------+-------------+-------+-----------+----------+---------+-----------+---------+---------+-----+-------+----------+----------------------+
| BUFG        |     ---     |   no  |         0 |        0 |       0 |        18 |       0 |       0 |   0 |     0 |        0 | TFTLCD_CLK_IBUF_BUFG |
+-------------+-------------+-------+-----------+----------+---------+-----------+---------+---------+-----+-------+----------+----------------------+


11. Net wise resources used in clock region X1Y1
------------------------------------------------

+-------------+-------------+-------+-----------+----------+---------+-----------+---------+---------+-----+-------+----------+-----------------------+
| Source Type | BUFHCE Site | Fixed | MMCM Pins | PLL Pins | GT Pins | BRAM Pins | ILOGICs | OLOGICs | FFs | LUTMs | DSP48E1s |     Clock Net Name    |
+-------------+-------------+-------+-----------+----------+---------+-----------+---------+---------+-----+-------+----------+-----------------------+
| BUFG        |     ---     |   no  |         0 |        0 |       0 |        56 |       0 |       0 |  10 |     0 |        0 | TFTLCD_CLK_IBUF_BUFG  |
| BUFG        |     ---     |   no  |         0 |        0 |       0 |         0 |       0 |       0 |  43 |     0 |        0 | TFTLCD_TCLK_OBUF_BUFG |
+-------------+-------------+-------+-----------+----------+---------+-----------+---------+---------+-----+-------+----------+-----------------------+


12. Net wise resources used in clock region X0Y2
------------------------------------------------

+-------------+-------------+-------+-----------+----------+---------+-----------+---------+---------+-----+-------+----------+----------------------+
| Source Type | BUFHCE Site | Fixed | MMCM Pins | PLL Pins | GT Pins | BRAM Pins | ILOGICs | OLOGICs | FFs | LUTMs | DSP48E1s |    Clock Net Name    |
+-------------+-------------+-------+-----------+----------+---------+-----------+---------+---------+-----+-------+----------+----------------------+
| BUFG        |     ---     |   no  |         0 |        0 |       0 |         2 |       0 |       0 |   0 |     0 |        0 | TFTLCD_CLK_IBUF_BUFG |
+-------------+-------------+-------+-----------+----------+---------+-----------+---------+---------+-----+-------+----------+----------------------+



# Location of BUFG Primitives 
set_property LOC BUFGCTRL_X0Y16 [get_cells TFTLCD_CLK_IBUF_BUFG_inst]
set_property LOC BUFGCTRL_X0Y0 [get_cells TFTLCD_TCLK_OBUF_BUFG_inst]

# Location of IO Clock Primitives

# Location of MMCM Clock Primitives

# Location of BUFH Clock Primitives

# Location of BUFR Clock Primitives

# Location of BUFMR Clock Primitives

# Location of PLL Clock Primitives

# Location of IO Primitives which is load of clock spine
set_property LOC IOB_X1Y92 [get_cells TFTLCD_TCLK_OBUF_inst]

# Location of clock ports
set_property LOC IOB_X1Y74 [get_ports TFTLCD_CLK]

# Clock net "TFTLCDCtrl_i/b_horizontal/O1" driven by instance "TFTLCDCtrl_i/b_horizontal/UP_CLKa_reg" located at site "SLICE_X107Y77"
#startgroup
create_pblock CLKAG_TFTLCDCtrl_i/b_horizontal/O1
add_cells_to_pblock [get_pblocks  CLKAG_TFTLCDCtrl_i/b_horizontal/O1] [get_cells  -filter { IS_PRIMITIVE==1 && PRIMITIVE_LEVEL !=INTERNAL } -of_object [get_pins -filter {DIRECTION==IN} -of_objects [get_nets -hierarchical -filter {PARENT=="TFTLCDCtrl_i/b_horizontal/O1"}]]]
resize_pblock [get_pblocks CLKAG_TFTLCDCtrl_i/b_horizontal/O1] -add {CLOCKREGION_X1Y1:CLOCKREGION_X1Y1}
#endgroup

# Clock net "TFTLCDCtrl_i/b_horizontal/O5" driven by instance "TFTLCDCtrl_i/b_horizontal/R_reg[7]_i_2" located at site "SLICE_X108Y78"
#startgroup
create_pblock CLKAG_TFTLCDCtrl_i/b_horizontal/O5
add_cells_to_pblock [get_pblocks  CLKAG_TFTLCDCtrl_i/b_horizontal/O5] [get_cells  -filter { IS_PRIMITIVE==1 && PRIMITIVE_LEVEL !=INTERNAL } -of_object [get_pins -filter {DIRECTION==IN} -of_objects [get_nets -hierarchical -filter {PARENT=="TFTLCDCtrl_i/b_horizontal/O5"}]]]
resize_pblock [get_pblocks CLKAG_TFTLCDCtrl_i/b_horizontal/O5] -add {CLOCKREGION_X1Y1:CLOCKREGION_X1Y1}
#endgroup

# Clock net "TFTLCD_CLK_IBUF_BUFG" driven by instance "TFTLCD_CLK_IBUF_BUFG_inst" located at site "BUFGCTRL_X0Y16"
#startgroup
create_pblock CLKAG_TFTLCD_CLK_IBUF_BUFG
add_cells_to_pblock [get_pblocks  CLKAG_TFTLCD_CLK_IBUF_BUFG] [get_cells  -filter { IS_PRIMITIVE==1 && PRIMITIVE_LEVEL !=INTERNAL } -of_object [get_pins -filter {DIRECTION==IN} -of_objects [get_nets -hierarchical -filter {PARENT=="TFTLCD_CLK_IBUF_BUFG"}]]]
resize_pblock [get_pblocks CLKAG_TFTLCD_CLK_IBUF_BUFG] -add {CLOCKREGION_X0Y0:CLOCKREGION_X0Y0 CLOCKREGION_X0Y1:CLOCKREGION_X0Y1 CLOCKREGION_X0Y2:CLOCKREGION_X0Y2 CLOCKREGION_X1Y0:CLOCKREGION_X1Y0 CLOCKREGION_X1Y1:CLOCKREGION_X1Y1}
#endgroup

# Clock net "TFTLCD_TCLK_OBUF_BUFG" driven by instance "TFTLCD_TCLK_OBUF_BUFG_inst" located at site "BUFGCTRL_X0Y0"
#startgroup
create_pblock CLKAG_TFTLCD_TCLK_OBUF_BUFG
add_cells_to_pblock [get_pblocks  CLKAG_TFTLCD_TCLK_OBUF_BUFG] [get_cells  -filter { IS_PRIMITIVE==1 && PRIMITIVE_LEVEL !=INTERNAL && NAME!=TFTLCD_TCLK_OBUF_inst} -of_object [get_pins -filter {DIRECTION==IN} -of_objects [get_nets -hierarchical -filter {PARENT=="TFTLCD_TCLK_OBUF_BUFG"}]]]
resize_pblock [get_pblocks CLKAG_TFTLCD_TCLK_OBUF_BUFG] -add {CLOCKREGION_X1Y1:CLOCKREGION_X1Y1}
#endgroup
