11:09:09.284 INFO  - Processing command line option -hwspec D:/work_edu/ch14_pl_ascii/ch14_pl_ascii.sdk/SDK/SDK_Export/hw/system.xml. 
11:11:26.108 ERROR - Unexpected error while parsing XMD response ?: com.google.gson.JsonSyntaxException: com.google.gson.stream.MalformedJsonException: invalid number or unquoted string near  
11:11:56.060 INFO  - Processing command line option -hwspec D:/work_edu/ch14_pl_ascii/ch14_pl_ascii.sdk/SDK/SDK_Export/hw/system.xml. 
11:11:56.372 INFO  - The hardware specification for project 'hw_platform_0' is different from D:/work_edu/ch14_pl_ascii/ch14_pl_ascii.sdk/SDK/SDK_Export/hw/system.xml. 
11:11:56.757 INFO  - Copied contents of D:/work_edu/ch14_pl_ascii/ch14_pl_ascii.sdk/SDK/SDK_Export/hw/system.xml into \hw_platform_0\system.xml. 
11:11:56.764 INFO  - Copied contents of D:\work_edu\ch14_pl_ascii\ch14_pl_ascii.sdk\SDK\SDK_Export\hw\ps7_init.c into \hw_platform_0\ps7_init.c. 
11:11:56.765 INFO  - Copied contents of D:\work_edu\ch14_pl_ascii\ch14_pl_ascii.sdk\SDK\SDK_Export\hw\ps7_init.h into \hw_platform_0\ps7_init.h. 
11:11:56.812 INFO  - Copied contents of D:\work_edu\ch14_pl_ascii\ch14_pl_ascii.sdk\SDK\SDK_Export\hw\ps7_init.html into \hw_platform_0\ps7_init.html. 
11:11:56.813 INFO  - Copied contents of D:\work_edu\ch14_pl_ascii\ch14_pl_ascii.sdk\SDK\SDK_Export\hw\ps7_summary.html into \hw_platform_0\ps7_summary.html. 
11:11:56.818 INFO  - Copied contents of D:\work_edu\ch14_pl_ascii\ch14_pl_ascii.sdk\SDK\SDK_Export\hw\ps7_init.tcl into \hw_platform_0\ps7_init.tcl. 
11:11:56.880 INFO  - Synchronizing projects in the workspace with the hardware platform specification changes. 
11:11:57.136 INFO  - Clearing existing target manager status. 
11:12:00.354 INFO  - Workspace synchronized with the new hardware specification file. Cleaning dependent projects... 
11:12:20.247 ERROR - FPGA Configuration failed.Failed to download the bit file

    DONE bit didn't go HIGH after programming FPGA
 
11:13:10.067 INFO  - FPGA configured successfully with bitstream "D:/work_edu/ch14_pl_ascii/ch14_pl_ascii.runs/impl_1/system_wrapper.bit" 
11:14:21.669 INFO  - Processor reset is completed for ps7_cortexa9_0 
11:14:21.769 INFO  - PS initialization will be done as it is not done before. 
11:14:21.769 INFO  - Running PS initialization.... 
11:14:22.252 INFO  - ps7_init is completed. 
11:14:22.361 INFO  - PS Initialization is complete. 
11:14:29.592 ERROR - Unexpected error while parsing XMD response ?: com.google.gson.JsonSyntaxException: com.google.gson.stream.MalformedJsonException: invalid number or unquoted string near  
